#
# There is insufficient memory for the Java Runtime Environment to continue.
# Native memory allocation (malloc) failed to allocate 1048576 bytes for AllocateHeap
# Possible reasons:
#   The system is out of physical RAM or swap space
#   In 32 bit mode, the process size limit was hit
# Possible solutions:
#   Reduce memory load on the system
#   Increase physical memory or swap space
#   Check if swap backing store is full
#   Use 64 bit Java on a 64 bit OS
#   Decrease Java heap size (-Xmx/-Xms)
#   Decrease number of Java threads
#   Decrease Java thread stack sizes (-Xss)
#   Set larger code cache with -XX:ReservedCodeCacheSize=
# This output file may be truncated or incomplete.
#
#  Out of Memory Error (memory/allocation.inline.hpp:61), pid=20620, tid=0x0000000000005028
#
# JRE version:  (8.0_112-b15) (build )
# Java VM: Java HotSpot(TM) 64-Bit Server VM (25.112-b15 mixed mode windows-amd64 compressed oops)
# Failed to write core dump. Minidumps are not enabled by default on client versions of Windows
#

---------------  T H R E A D  ---------------

Current thread (0x00000000033b0800):  JavaThread "Unknown thread" [_thread_in_vm, id=20520, stack(0x00000000032a0000,0x00000000033a0000)]

Stack: [0x00000000032a0000,0x00000000033a0000]
[error occurred during error reporting (printing stack bounds), id 0xc0000005]

Native frames: (J=compiled Java code, j=interpreted, Vv=VM code, C=native code)


---------------  P R O C E S S  ---------------

Java Threads: ( => current thread )

Other Threads:

=>0x00000000033b0800 (exited) JavaThread "Unknown thread" [_thread_in_vm, id=20520, stack(0x00000000032a0000,0x00000000033a0000)]

VM state:not at safepoint (normal execution)

VM Mutex/Monitor currently owned by a thread: None

Heap:
 PSYoungGen      total 75776K, used 1300K [0x000000076b600000, 0x0000000770a80000, 0x00000007c0000000)
  eden space 65024K, 2% used [0x000000076b600000,0x000000076b7451f8,0x000000076f580000)
  from space 10752K, 0% used [0x0000000770000000,0x0000000770000000,0x0000000770a80000)
  to   space 10752K, 0% used [0x000000076f580000,0x000000076f580000,0x0000000770000000)
 ParOldGen       total 173568K, used 0K [0x00000006c2200000, 0x00000006ccb80000, 0x000000076b600000)
  object space 173568K, 0% used [0x00000006c2200000,0x00000006c2200000,0x00000006ccb80000)
 Metaspace       used 746K, capacity 4480K, committed 4480K, reserved 1056768K
  class space    used 75K, capacity 384K, committed 384K, reserved 1048576K

Card table byte_map: [0x0000000012880000,0x0000000013070000] byte_map_base: 0x000000000f26f000

Marking Bits: (ParMarkBitMap*) 0x000000005bf5a6d0
 Begin Bits: [0x0000000013dc0000, 0x0000000017d38000)
 End Bits:   [0x0000000017d38000, 0x000000001bcb0000)

Polling page: 0x0000000002f10000

CodeCache: size=245760Kb used=328Kb max_used=328Kb free=245431Kb
 bounds [0x00000000034c0000, 0x0000000003730000, 0x00000000124c0000]
 total_blobs=58 nmethods=0 adapters=38
 compilation: enabled

Compilation events (0 events):
No events

GC Heap History (0 events):
No events

Deoptimization events (0 events):
No events

Internal exceptions (0 events):
No events

Events (10 events):
Event: 0.017 loading class java/lang/Short
Event: 0.017 loading class java/lang/Short done
Event: 0.017 loading class java/lang/Integer
Event: 0.017 loading class java/lang/Integer done
Event: 0.017 loading class java/lang/Long
Event: 0.017 loading class java/lang/Long done
Event: 0.018 loading class java/lang/NullPointerException
Event: 0.018 loading class java/lang/NullPointerException done
Event: 0.018 loading class java/lang/ArithmeticException
Event: 0.018 loading class java/lang/ArithmeticException done


Dynamic libraries:
0x00007ff6184e0000 - 0x00007ff618517000 	C:\Program Files\Java\jre1.8.0_112\bin\javaw.exe
0x00007ffcd1d90000 - 0x00007ffcd1f61000 	C:\WINDOWS\SYSTEM32\ntdll.dll
0x00007ffccfc70000 - 0x00007ffccfd1b000 	C:\WINDOWS\System32\KERNEL32.DLL
0x00007ffcce800000 - 0x00007ffccea1d000 	C:\WINDOWS\System32\KERNELBASE.dll
0x00007ffccf4e0000 - 0x00007ffccf582000 	C:\WINDOWS\System32\ADVAPI32.dll
0x00007ffccf430000 - 0x00007ffccf4ce000 	C:\WINDOWS\System32\msvcrt.dll
0x00007ffccfd20000 - 0x00007ffccfd79000 	C:\WINDOWS\System32\sechost.dll
0x00007ffcd1b90000 - 0x00007ffcd1cb1000 	C:\WINDOWS\System32\RPCRT4.dll
0x00007ffccf590000 - 0x00007ffccf6f5000 	C:\WINDOWS\System32\USER32.dll
0x00007ffccf300000 - 0x00007ffccf31e000 	C:\WINDOWS\System32\win32u.dll
0x00007ffcd1a80000 - 0x00007ffcd1ab4000 	C:\WINDOWS\System32\GDI32.dll
0x00007ffcce3d0000 - 0x00007ffcce552000 	C:\WINDOWS\System32\gdi32full.dll
0x00007ffcc2ac0000 - 0x00007ffcc2d3a000 	C:\WINDOWS\WinSxS\amd64_microsoft.windows.common-controls_6595b64144ccf1df_6.0.14393.953_none_42151e83c686086b\COMCTL32.dll
0x00007ffcd17b0000 - 0x00007ffcd1a78000 	C:\WINDOWS\System32\combase.dll
0x00007ffccea20000 - 0x00007ffcceb15000 	C:\WINDOWS\System32\ucrtbase.dll
0x00007ffcce790000 - 0x00007ffcce7fa000 	C:\WINDOWS\System32\bcryptPrimitives.dll
0x00007ffccfe40000 - 0x00007ffccfe6e000 	C:\WINDOWS\System32\IMM32.DLL
0x000000005b660000 - 0x000000005b732000 	C:\Program Files\Java\jre1.8.0_112\bin\msvcr100.dll
0x000000005b740000 - 0x000000005bfda000 	C:\Program Files\Java\jre1.8.0_112\bin\server\jvm.dll
0x00007ffccf4d0000 - 0x00007ffccf4d8000 	C:\WINDOWS\System32\PSAPI.DLL
0x00007ffcca8d0000 - 0x00007ffcca8d9000 	C:\WINDOWS\SYSTEM32\WSOCK32.dll
0x00007ffcccfa0000 - 0x00007ffcccfaa000 	C:\WINDOWS\SYSTEM32\VERSION.dll
0x00007ffccc330000 - 0x00007ffccc353000 	C:\WINDOWS\SYSTEM32\WINMM.dll
0x00007ffccfbe0000 - 0x00007ffccfc4a000 	C:\WINDOWS\System32\WS2_32.dll
0x0000000003270000 - 0x000000000329b000 	C:\WINDOWS\SYSTEM32\WINMMBASE.dll
0x00007ffccf2b0000 - 0x00007ffccf2f2000 	C:\WINDOWS\System32\cfgmgr32.dll
0x000000005c720000 - 0x000000005c72f000 	C:\Program Files\Java\jre1.8.0_112\bin\verify.dll
0x000000005c6f0000 - 0x000000005c719000 	C:\Program Files\Java\jre1.8.0_112\bin\java.dll
0x000000005c6d0000 - 0x000000005c6e6000 	C:\Program Files\Java\jre1.8.0_112\bin\zip.dll

VM Arguments:
jvm_args: -Dfile.encoding=MS932 
java_command: GUI
java_class_path (initial): C:\Users\ARZ\Documents\OOP2\UnitConverter\bin
Launcher Type: SUN_STANDARD

Environment Variables:
PATH=C:/Program Files/Java/jre1.8.0_112/bin/server;C:/Program Files/Java/jre1.8.0_112/bin;C:/Program Files/Java/jre1.8.0_112/lib/amd64;C:\Program Files\NVIDIA GPU Computing Toolkit\CUDA\v8.0\bin;C:\Program Files\NVIDIA GPU Computing Toolkit\CUDA\v8.0\libnvvp;C:\ProgramData\Oracle\Java\javapath;C:\Program Files (x86)\Intel\iCLS Client\;C:\Program Files\Intel\iCLS Client\;C:\Windows\system32;C:\Windows;C:\Windows\System32\Wbem;C:\Windows\System32\WindowsPowerShell\v1.0\;C:\Program Files (x86)\NVIDIA Corporation\PhysX\Common;C:\Program Files (x86)\Intel\Intel(R) Management Engine Components\DAL;C:\Program Files\Intel\Intel(R) Management Engine Components\DAL;C:\Program Files (x86)\Intel\Intel(R) Management Engine Components\IPT;C:\Program Files\Intel\Intel(R) Management Engine Components\IPT;C:\Program Files\Intel\WiFi\bin\;C:\Program Files\Common Files\Intel\WirelessCommon\;C:\WINDOWS\system32;C:\WINDOWS;C:\WINDOWS\System32\Wbem;C:\WINDOWS\System32\WindowsPowerShell\v1.0\;C:\Users\ARZ\.dnx\bin;C:\Program Files\Microsoft DNX\Dnvm\;C:\Program Files\Microsoft SQL Server\130\Tools\Binn\;C:\Program Files (x86)\Windows Kits\10\Windows Performance Toolkit\;C:\Program Files\Git\cmd;C:\Program Files\OpenVPN\bin;C:\Program Files (x86)\Skype\Phone\;C:\Program Files\nodejs\;C:\Ruby23\bin;C:\Windows\System32;C:\Users\ARZ\AppData\Roaming\npm;C:\Users\ARZ\Desktop;
USERNAME=ARZ
OS=Windows_NT
PROCESSOR_IDENTIFIER=Intel64 Family 6 Model 94 Stepping 3, GenuineIntel



---------------  S Y S T E M  ---------------

OS: Windows 10.0 , 64 bit Build 14393 (10.0.14393.0)

CPU:total 8 (4 cores per cpu, 2 threads per core) family 6 model 94 stepping 3, cmov, cx8, fxsr, mmx, sse, sse2, sse3, ssse3, sse4.1, sse4.2, popcnt, avx, avx2, aes, clmul, erms, rtm, 3dnowpref, lzcnt, ht, tsc, tscinvbit, bmi1, bmi2, adx

Memory: 4k page, physical 16637560k(9294596k free), swap 26012664k(5928k free)

vm_info: Java HotSpot(TM) 64-Bit Server VM (25.112-b15) for windows-amd64 JRE (1.8.0_112-b15), built on Sep 22 2016 21:31:56 by "java_re" with MS VC++ 10.0 (VS2010)

time: Thu Mar 30 18:07:48 2017
elapsed time: 0 seconds (0d 0h 0m 0s)

